[NX v22.0.4 Daemon Server] - 2025-11-21T14:32:02.046Z - Started listening on: \\.\pipe\nx\C:\Users\dell\AppData\Local\Temp\df0c6dea6864f4d34839\d.sock
[NX v22.0.4 Daemon Server] - 2025-11-21T14:32:02.063Z - [WATCHER]: Subscribed to changes within: C:\Users\dell\Desktop\Nitheesh\euroasainn-ERP (native)
[NX v22.0.4 Daemon Server] - 2025-11-21T14:32:02.164Z - Established a connection. Number of open connections: 1
[NX v22.0.4 Daemon Server] - 2025-11-21T14:32:02.177Z - Established a connection. Number of open connections: 2
[NX v22.0.4 Daemon Server] - 2025-11-21T14:32:02.185Z - Closed a connection. Number of open connections: 1
[NX v22.0.4 Daemon Server] - 2025-11-21T14:32:02.308Z - Received raw message of length 32
[NX v22.0.4 Daemon Server] - 2025-11-21T14:32:02.308Z - Received json message of type REQUEST_PROJECT_GRAPH
[NX v22.0.4 Daemon Server] - 2025-11-21T14:32:02.310Z - [REQUEST]: Client Request for Project Graph Received
Time for 'plugin worker 1588 code loading' 64.6031
Time for 'plugin worker 9588 code loading' 24.696300000000008
Time for 'plugin worker 10048 code loading' 54.84710000000001
Time for 'plugin worker 16996 code loading' 18.435900000000004
[NX v22.0.4 Daemon Server] - 2025-11-21T14:32:03.582Z - Time taken for 'Load Nx Plugin: C:\Users\dell\Desktop\Nitheesh\euroasainn-ERP\node_modules\nx\src\plugins\project-json\build-nodes\project-json' 1367.1176000000003ms
[NX v22.0.4 Daemon Server] - 2025-11-21T14:32:03.614Z - Time taken for 'Load Nx Plugin: C:\Users\dell\Desktop\Nitheesh\euroasainn-ERP\node_modules\nx\src\plugins\js' 1402.5013ms
[NX v22.0.4 Daemon Server] - 2025-11-21T14:32:03.709Z - Time taken for 'loadDefaultNxPlugins' 1498.6414ms
[NX v22.0.4 Daemon Server] - 2025-11-21T14:32:03.948Z - [REQUEST]: Updated workspace context based on watched changes, recomputing project graph...
[NX v22.0.4 Daemon Server] - 2025-11-21T14:32:03.949Z - [REQUEST]: 
[NX v22.0.4 Daemon Server] - 2025-11-21T14:32:03.949Z - [REQUEST]: 
[NX v22.0.4 Daemon Server] - 2025-11-21T14:32:03.957Z - Reusing in-memory cached project graph because no files changed.
[NX v22.0.4 Daemon Server] - 2025-11-21T14:32:03.973Z - Time taken for 'loadSpecifiedNxPlugins' 1739.7974ms
Time for 'nx/core/project-json:createNodes' 0.4030999999999949
Time for 'nx/core/package-json:createNodes' 2.1521000000000186
[NX v22.0.4 Daemon Server] - 2025-11-21T14:32:03.984Z - Established a connection. Number of open connections: 2
[NX v22.0.4 Daemon Server] - 2025-11-21T14:32:03.985Z - Closed a connection. Number of open connections: 1
[NX v22.0.4 Daemon Server] - 2025-11-21T14:32:03.987Z - Established a connection. Number of open connections: 2
Time for 'daemon-message-serialization-HASH_MULTI_GLOB' 0.1951000000001386
[NX v22.0.4 Daemon Server] - 2025-11-21T14:32:03.991Z - Received raw message of length 285
[NX v22.0.4 Daemon Server] - 2025-11-21T14:32:03.991Z - Received json message of type HASH_MULTI_GLOB
[NX v22.0.4 Daemon Server] - 2025-11-21T14:32:03.995Z - Serializing response for HASH_GLOB message in json mode
[NX v22.0.4 Daemon Server] - 2025-11-21T14:32:03.995Z - Responding to HASH_GLOB message
[NX v22.0.4 Daemon Server] - 2025-11-21T14:32:03.995Z - [REQUEST]: Responding to the client. handleHashMultiGlob
[NX v22.0.4 Daemon Server] - 2025-11-21T14:32:03.996Z - Done responding to the client handleHashMultiGlob
[NX v22.0.4 Daemon Server] - 2025-11-21T14:32:03.997Z - Handled json message HASH_GLOB. Handling time: 4. Response time: 2.
Time for 'HASH_MULTI_GLOB round trip' 9.356800000000021
Time for 'deserialize daemon response - HASH_MULTI_GLOB' 0.4738999999999578
Time for 'nx/js/dependencies-and-lockfile:createNodes' 86.88370000000009
Time for '@nx/vite/plugin:createNodes' 1790.7064
[NX v22.0.4 Daemon Server] - 2025-11-21T14:32:06.086Z - Time taken for 'build-project-configs' 1887.9950999999996ms
[NX v22.0.4 Daemon Server] - 2025-11-21T14:32:06.121Z - Time taken for '@nx/vite/plugin:createDependencies' 98.41690000000017ms
Time for 'build typescript dependencies' 2482.5383
[NX v22.0.4 Daemon Server] - 2025-11-21T14:32:10.067Z - [SYNC]: collect registered sync generators
[NX v22.0.4 Daemon Server] - 2025-11-21T14:32:10.106Z - Wrote project graph cache to C:\Users\dell\Desktop\Nitheesh\euroasainn-ERP\.nx\workspace-data\project-graph.json
[NX v22.0.4 Daemon Server] - 2025-11-21T14:32:10.106Z - Serializing response for REQUEST_PROJECT_GRAPH message in json mode
[NX v22.0.4 Daemon Server] - 2025-11-21T14:32:10.106Z - Responding to REQUEST_PROJECT_GRAPH message
[NX v22.0.4 Daemon Server] - 2025-11-21T14:32:10.106Z - [REQUEST]: Responding to the client. project-graph
[NX v22.0.4 Daemon Server] - 2025-11-21T14:32:10.117Z - Time taken for 'total for creating and serializing project graph' 7796.6486ms
[NX v22.0.4 Daemon Server] - 2025-11-21T14:32:10.119Z - Done responding to the client project-graph
[NX v22.0.4 Daemon Server] - 2025-11-21T14:32:10.119Z - Handled json message REQUEST_PROJECT_GRAPH. Handling time: 7797. Response time: 13.
[NX v22.0.4 Daemon Server] - 2025-11-21T14:32:10.161Z - Received raw message of length 1105
[NX v22.0.4 Daemon Server] - 2025-11-21T14:32:10.162Z - Received json message of type PRE_TASKS_EXECUTION
[NX v22.0.4 Daemon Server] - 2025-11-21T14:32:10.171Z - Serializing response for PRE_TASKS_EXECUTION message in json mode
[NX v22.0.4 Daemon Server] - 2025-11-21T14:32:10.171Z - Responding to PRE_TASKS_EXECUTION message
[NX v22.0.4 Daemon Server] - 2025-11-21T14:32:10.171Z - [REQUEST]: Responding to the client. handleRunPreTasksExecution
[NX v22.0.4 Daemon Server] - 2025-11-21T14:32:10.172Z - Time taken for 'preTasksExecution' 6.372499999999491ms
[NX v22.0.4 Daemon Server] - 2025-11-21T14:32:10.173Z - Done responding to the client handleRunPreTasksExecution
[NX v22.0.4 Daemon Server] - 2025-11-21T14:32:10.180Z - Handled json message PRE_TASKS_EXECUTION. Handling time: 7. Response time: 9.
[NX v22.0.4 Daemon Server] - 2025-11-21T14:32:10.471Z - Received raw message of length 6926
[NX v22.0.4 Daemon Server] - 2025-11-21T14:32:10.472Z - Received json message of type HASH_TASKS
[NX v22.0.4 Daemon Server] - 2025-11-21T14:32:10.473Z - Reusing in-memory cached project graph because no files changed.
[NX v22.0.4 Daemon Server] - 2025-11-21T14:32:10.658Z - Wrote project graph cache to C:\Users\dell\Desktop\Nitheesh\euroasainn-ERP\.nx\workspace-data\project-graph.json
DEBUG nx::native::tasks::hash_planner: get_plans_internal COMPLETED in 16.7885ms - processed 1 tasks (setup: 16.0264ms, parallel_planning: 729.4µs)
DEBUG nx::native::tasks::hashers::hash_workspace_files: Hashing workspace fileset{cache_key="nx.json,.gitignore,.nxignore"}: Adding "9563621418486234261" (".gitignore") to hash
DEBUG nx::native::tasks::hashers::hash_workspace_files: Hashing workspace fileset{cache_key="nx.json,.gitignore,.nxignore"}: Adding "5351305836524991426" ("nx.json") to hash
DEBUG nx::native::tasks::hashers::hash_workspace_files: Hashing workspace fileset{cache_key="nx.json,.gitignore,.nxignore"}: Hash Value: "9417009799453520051"
DEBUG nx::native::tasks::task_hasher: hash_plans COMPLETED in 9.532ms - processed 1 plans (setup: 938.1µs, hashing: 8.5796ms, assembly: 2.7213ms)
[NX v22.0.4 Daemon Server] - 2025-11-21T14:32:10.810Z - Serializing response for HASH_TASKS message in json mode
[NX v22.0.4 Daemon Server] - 2025-11-21T14:32:10.811Z - Responding to HASH_TASKS message
[NX v22.0.4 Daemon Server] - 2025-11-21T14:32:10.811Z - [REQUEST]: Responding to the client. handleHashTasks
[NX v22.0.4 Daemon Server] - 2025-11-21T14:32:10.811Z - Time taken for 'write cache' 185.51549999999952ms
[NX v22.0.4 Daemon Server] - 2025-11-21T14:32:10.831Z - Done responding to the client handleHashTasks
[NX v22.0.4 Daemon Server] - 2025-11-21T14:32:10.831Z - Handled json message HASH_TASKS. Handling time: 338. Response time: 21.
[NX v22.0.4 Daemon Server] - 2025-11-21T14:32:10.898Z - Received raw message of length 104
[NX v22.0.4 Daemon Server] - 2025-11-21T14:32:10.899Z - Received json message of type GET_ESTIMATED_TASK_TIMINGS
[NX v22.0.4 Daemon Server] - 2025-11-21T14:32:10.911Z - Serializing response for GET_ESTIMATED_TASK_TIMINGS message in json mode
[NX v22.0.4 Daemon Server] - 2025-11-21T14:32:10.912Z - Responding to GET_ESTIMATED_TASK_TIMINGS message
[NX v22.0.4 Daemon Server] - 2025-11-21T14:32:10.912Z - [REQUEST]: Responding to the client. handleGetEstimatedTaskTimings
[NX v22.0.4 Daemon Server] - 2025-11-21T14:32:10.914Z - Done responding to the client handleGetEstimatedTaskTimings
[NX v22.0.4 Daemon Server] - 2025-11-21T14:32:10.914Z - Handled json message GET_ESTIMATED_TASK_TIMINGS. Handling time: 12. Response time: 3.
[NX v22.0.4 Daemon Server] - 2025-11-21T14:34:09.410Z - [WATCHER]: Processing file changes in outputs
[NX v22.0.4 Daemon Server] - 2025-11-21T14:34:09.415Z - [WATCHER]: apps/api/package-lock.json was modified
[NX v22.0.4 Daemon Server] - 2025-11-21T14:34:09.540Z - [REQUEST]: Updated workspace context based on watched changes, recomputing project graph...
[NX v22.0.4 Daemon Server] - 2025-11-21T14:34:09.540Z - [REQUEST]: apps/api/package-lock.json
[NX v22.0.4 Daemon Server] - 2025-11-21T14:34:09.540Z - [REQUEST]: 
Time for 'daemon-message-serialization-HASH_MULTI_GLOB' 0.05709999999089632
Time for 'nx/core/package-json:createNodes' 1.8730000000068685
Time for 'nx/core/project-json:createNodes' 0.257499999992433
[NX v22.0.4 Daemon Server] - 2025-11-21T14:34:09.610Z - Received raw message of length 285
[NX v22.0.4 Daemon Server] - 2025-11-21T14:34:09.610Z - Received json message of type HASH_MULTI_GLOB
[NX v22.0.4 Daemon Server] - 2025-11-21T14:34:09.624Z - Serializing response for HASH_GLOB message in json mode
[NX v22.0.4 Daemon Server] - 2025-11-21T14:34:09.625Z - Responding to HASH_GLOB message
[NX v22.0.4 Daemon Server] - 2025-11-21T14:34:09.625Z - [REQUEST]: Responding to the client. handleHashMultiGlob
[NX v22.0.4 Daemon Server] - 2025-11-21T14:34:09.626Z - Time taken for 'hash changed files from watcher' 3.8703000000095926ms
[NX v22.0.4 Daemon Server] - 2025-11-21T14:34:09.626Z - Done responding to the client handleHashMultiGlob
[NX v22.0.4 Daemon Server] - 2025-11-21T14:34:09.626Z - Handled json message HASH_GLOB. Handling time: 14. Response time: 2.
Time for '@nx/vite/plugin:createNodes' 33.42870000000403
Time for 'HASH_MULTI_GLOB round trip' 19.825800000005984
Time for 'deserialize daemon response - HASH_MULTI_GLOB' 0.03239999999641441
Time for 'nx/js/dependencies-and-lockfile:createNodes' 36.88699999998789
[NX v22.0.4 Daemon Server] - 2025-11-21T14:34:09.694Z - Time taken for 'build-project-configs' 62.49629999999888ms
Time for 'build typescript dependencies' 0.09419999999227002
[NX v22.0.4 Daemon Server] - 2025-11-21T14:34:09.831Z - [SYNC]: collect registered sync generators
[NX v22.0.4 Daemon Server] - 2025-11-21T14:34:09.832Z - [SYNC]: project graph hash is the same, not collecting task sync generators
[NX v22.0.4 Daemon Server] - 2025-11-21T14:34:09.832Z - [SYNC]: nx.json hash is the same, not collecting global sync generators
[NX v22.0.4 Daemon Server] - 2025-11-21T14:34:09.832Z - Time taken for 'total execution time for createProjectGraph()' 155.9311999999918ms
[NX v22.0.4 Daemon Server] - 2025-11-21T14:35:30.342Z - Closed a connection. Number of open connections: 1
[NX v22.0.4 Daemon Server] - 2025-11-21T14:35:44.596Z - Established a connection. Number of open connections: 2
[NX v22.0.4 Daemon Server] - 2025-11-21T14:35:44.597Z - Closed a connection. Number of open connections: 1
[NX v22.0.4 Daemon Server] - 2025-11-21T14:35:44.600Z - Established a connection. Number of open connections: 2
[NX v22.0.4 Daemon Server] - 2025-11-21T14:35:44.619Z - Received raw message of length 32
[NX v22.0.4 Daemon Server] - 2025-11-21T14:35:44.619Z - Received json message of type REQUEST_PROJECT_GRAPH
[NX v22.0.4 Daemon Server] - 2025-11-21T14:35:44.619Z - [REQUEST]: Client Request for Project Graph Received
[NX v22.0.4 Daemon Server] - 2025-11-21T14:35:44.620Z - Reusing in-memory cached project graph because no files changed.
[NX v22.0.4 Daemon Server] - 2025-11-21T14:35:44.646Z - Wrote project graph cache to C:\Users\dell\Desktop\Nitheesh\euroasainn-ERP\.nx\workspace-data\project-graph.json
[NX v22.0.4 Daemon Server] - 2025-11-21T14:35:44.646Z - Serializing response for REQUEST_PROJECT_GRAPH message in json mode
[NX v22.0.4 Daemon Server] - 2025-11-21T14:35:44.647Z - Responding to REQUEST_PROJECT_GRAPH message
[NX v22.0.4 Daemon Server] - 2025-11-21T14:35:44.647Z - [REQUEST]: Responding to the client. project-graph
[NX v22.0.4 Daemon Server] - 2025-11-21T14:35:44.649Z - Time taken for 'total for creating and serializing project graph' 27.521300000022165ms
[NX v22.0.4 Daemon Server] - 2025-11-21T14:35:44.649Z - Done responding to the client project-graph
[NX v22.0.4 Daemon Server] - 2025-11-21T14:35:44.649Z - Handled json message REQUEST_PROJECT_GRAPH. Handling time: 27. Response time: 3.
[NX v22.0.4 Daemon Server] - 2025-11-21T14:35:44.674Z - Received raw message of length 1108
[NX v22.0.4 Daemon Server] - 2025-11-21T14:35:44.674Z - Received json message of type PRE_TASKS_EXECUTION
[NX v22.0.4 Daemon Server] - 2025-11-21T14:35:44.675Z - Serializing response for PRE_TASKS_EXECUTION message in json mode
[NX v22.0.4 Daemon Server] - 2025-11-21T14:35:44.675Z - Responding to PRE_TASKS_EXECUTION message
[NX v22.0.4 Daemon Server] - 2025-11-21T14:35:44.675Z - [REQUEST]: Responding to the client. handleRunPreTasksExecution
[NX v22.0.4 Daemon Server] - 2025-11-21T14:35:44.675Z - Time taken for 'preTasksExecution' 0.7258999999903608ms
[NX v22.0.4 Daemon Server] - 2025-11-21T14:35:44.675Z - Done responding to the client handleRunPreTasksExecution
[NX v22.0.4 Daemon Server] - 2025-11-21T14:35:44.676Z - Handled json message PRE_TASKS_EXECUTION. Handling time: 1. Response time: 1.
[NX v22.0.4 Daemon Server] - 2025-11-21T14:35:44.764Z - Received raw message of length 6966
[NX v22.0.4 Daemon Server] - 2025-11-21T14:35:44.765Z - Received json message of type HASH_TASKS
[NX v22.0.4 Daemon Server] - 2025-11-21T14:35:44.766Z - Reusing in-memory cached project graph because no files changed.
[NX v22.0.4 Daemon Server] - 2025-11-21T14:35:44.791Z - Wrote project graph cache to C:\Users\dell\Desktop\Nitheesh\euroasainn-ERP\.nx\workspace-data\project-graph.json
DEBUG nx::native::tasks::hash_planner: get_plans_internal COMPLETED in 9.4601ms - processed 1 tasks (setup: 9.1036ms, parallel_planning: 334.9µs)
DEBUG nx::native::tasks::hashers::hash_workspace_files: Hashing workspace fileset{cache_key="nx.json,.gitignore,.nxignore"}: Adding "9563621418486234261" (".gitignore") to hash
DEBUG nx::native::tasks::hashers::hash_workspace_files: Hashing workspace fileset{cache_key="nx.json,.gitignore,.nxignore"}: Adding "5351305836524991426" ("nx.json") to hash
DEBUG nx::native::tasks::hashers::hash_workspace_files: Hashing workspace fileset{cache_key="nx.json,.gitignore,.nxignore"}: Hash Value: "9417009799453520051"
DEBUG nx::native::tasks::task_hasher: hash_plans COMPLETED in 6.0363ms - processed 1 plans (setup: 658.6µs, hashing: 5.3694ms, assembly: 1.3468ms)
[NX v22.0.4 Daemon Server] - 2025-11-21T14:35:44.831Z - Serializing response for HASH_TASKS message in json mode
[NX v22.0.4 Daemon Server] - 2025-11-21T14:35:44.832Z - Responding to HASH_TASKS message
[NX v22.0.4 Daemon Server] - 2025-11-21T14:35:44.832Z - [REQUEST]: Responding to the client. handleHashTasks
[NX v22.0.4 Daemon Server] - 2025-11-21T14:35:44.832Z - Time taken for 'write cache' 25.398600000014994ms
[NX v22.0.4 Daemon Server] - 2025-11-21T14:35:44.832Z - Done responding to the client handleHashTasks
[NX v22.0.4 Daemon Server] - 2025-11-21T14:35:44.836Z - Handled json message HASH_TASKS. Handling time: 66. Response time: 5.
[NX v22.0.4 Daemon Server] - 2025-11-21T14:35:44.865Z - Received raw message of length 108
[NX v22.0.4 Daemon Server] - 2025-11-21T14:35:44.865Z - Received json message of type GET_ESTIMATED_TASK_TIMINGS
[NX v22.0.4 Daemon Server] - 2025-11-21T14:35:44.865Z - Serializing response for GET_ESTIMATED_TASK_TIMINGS message in json mode
[NX v22.0.4 Daemon Server] - 2025-11-21T14:35:44.866Z - Responding to GET_ESTIMATED_TASK_TIMINGS message
[NX v22.0.4 Daemon Server] - 2025-11-21T14:35:44.866Z - [REQUEST]: Responding to the client. handleGetEstimatedTaskTimings
[NX v22.0.4 Daemon Server] - 2025-11-21T14:35:44.866Z - Done responding to the client handleGetEstimatedTaskTimings
[NX v22.0.4 Daemon Server] - 2025-11-21T14:35:44.866Z - Handled json message GET_ESTIMATED_TASK_TIMINGS. Handling time: 0. Response time: 1.
[NX v22.0.4 Daemon Server] - 2025-11-21T14:36:21.076Z - Closed a connection. Number of open connections: 1
[NX v22.0.4 Daemon Server] - 2025-11-21T14:36:39.326Z - Established a connection. Number of open connections: 2
[NX v22.0.4 Daemon Server] - 2025-11-21T14:36:39.327Z - Closed a connection. Number of open connections: 1
[NX v22.0.4 Daemon Server] - 2025-11-21T14:36:39.330Z - Established a connection. Number of open connections: 2
[NX v22.0.4 Daemon Server] - 2025-11-21T14:36:39.350Z - Received raw message of length 32
[NX v22.0.4 Daemon Server] - 2025-11-21T14:36:39.350Z - Received json message of type REQUEST_PROJECT_GRAPH
[NX v22.0.4 Daemon Server] - 2025-11-21T14:36:39.350Z - [REQUEST]: Client Request for Project Graph Received
[NX v22.0.4 Daemon Server] - 2025-11-21T14:36:39.351Z - Reusing in-memory cached project graph because no files changed.
[NX v22.0.4 Daemon Server] - 2025-11-21T14:36:39.377Z - Wrote project graph cache to C:\Users\dell\Desktop\Nitheesh\euroasainn-ERP\.nx\workspace-data\project-graph.json
[NX v22.0.4 Daemon Server] - 2025-11-21T14:36:39.377Z - Serializing response for REQUEST_PROJECT_GRAPH message in json mode
[NX v22.0.4 Daemon Server] - 2025-11-21T14:36:39.377Z - Responding to REQUEST_PROJECT_GRAPH message
[NX v22.0.4 Daemon Server] - 2025-11-21T14:36:39.377Z - [REQUEST]: Responding to the client. project-graph
[NX v22.0.4 Daemon Server] - 2025-11-21T14:36:39.380Z - Time taken for 'total for creating and serializing project graph' 26.7216999999946ms
[NX v22.0.4 Daemon Server] - 2025-11-21T14:36:39.381Z - Done responding to the client project-graph
[NX v22.0.4 Daemon Server] - 2025-11-21T14:36:39.381Z - Handled json message REQUEST_PROJECT_GRAPH. Handling time: 27. Response time: 4.
[NX v22.0.4 Daemon Server] - 2025-11-21T14:36:39.402Z - Received raw message of length 1106
[NX v22.0.4 Daemon Server] - 2025-11-21T14:36:39.402Z - Received json message of type PRE_TASKS_EXECUTION
[NX v22.0.4 Daemon Server] - 2025-11-21T14:36:39.403Z - Serializing response for PRE_TASKS_EXECUTION message in json mode
[NX v22.0.4 Daemon Server] - 2025-11-21T14:36:39.403Z - Responding to PRE_TASKS_EXECUTION message
[NX v22.0.4 Daemon Server] - 2025-11-21T14:36:39.403Z - [REQUEST]: Responding to the client. handleRunPreTasksExecution
[NX v22.0.4 Daemon Server] - 2025-11-21T14:36:39.403Z - Time taken for 'preTasksExecution' 0.5521999999764375ms
[NX v22.0.4 Daemon Server] - 2025-11-21T14:36:39.404Z - Done responding to the client handleRunPreTasksExecution
[NX v22.0.4 Daemon Server] - 2025-11-21T14:36:39.404Z - Handled json message PRE_TASKS_EXECUTION. Handling time: 1. Response time: 1.
[NX v22.0.4 Daemon Server] - 2025-11-21T14:36:39.490Z - Received raw message of length 6926
[NX v22.0.4 Daemon Server] - 2025-11-21T14:36:39.490Z - Received json message of type HASH_TASKS
[NX v22.0.4 Daemon Server] - 2025-11-21T14:36:39.491Z - Reusing in-memory cached project graph because no files changed.
[NX v22.0.4 Daemon Server] - 2025-11-21T14:36:39.516Z - Wrote project graph cache to C:\Users\dell\Desktop\Nitheesh\euroasainn-ERP\.nx\workspace-data\project-graph.json
DEBUG nx::native::tasks::hash_planner: get_plans_internal COMPLETED in 8.6851ms - processed 1 tasks (setup: 8.3128ms, parallel_planning: 347.6µs)
DEBUG nx::native::tasks::task_hasher: hash_plans COMPLETED in 10.7863ms - processed 1 plans (setup: 634.9µs, hashing: 10.1386ms, assembly: 1.8864ms)
[NX v22.0.4 Daemon Server] - 2025-11-21T14:36:39.537Z - Serializing response for HASH_TASKS message in json mode
[NX v22.0.4 Daemon Server] - 2025-11-21T14:36:39.538Z - Responding to HASH_TASKS message
[NX v22.0.4 Daemon Server] - 2025-11-21T14:36:39.538Z - [REQUEST]: Responding to the client. handleHashTasks
[NX v22.0.4 Daemon Server] - 2025-11-21T14:36:39.538Z - Time taken for 'write cache' 24.85580000001937ms
[NX v22.0.4 Daemon Server] - 2025-11-21T14:36:39.539Z - Done responding to the client handleHashTasks
[NX v22.0.4 Daemon Server] - 2025-11-21T14:36:39.539Z - Handled json message HASH_TASKS. Handling time: 47. Response time: 2.
[NX v22.0.4 Daemon Server] - 2025-11-21T14:36:39.573Z - Received raw message of length 104
[NX v22.0.4 Daemon Server] - 2025-11-21T14:36:39.573Z - Received json message of type GET_ESTIMATED_TASK_TIMINGS
[NX v22.0.4 Daemon Server] - 2025-11-21T14:36:39.574Z - Serializing response for GET_ESTIMATED_TASK_TIMINGS message in json mode
[NX v22.0.4 Daemon Server] - 2025-11-21T14:36:39.574Z - Responding to GET_ESTIMATED_TASK_TIMINGS message
[NX v22.0.4 Daemon Server] - 2025-11-21T14:36:39.574Z - [REQUEST]: Responding to the client. handleGetEstimatedTaskTimings
[NX v22.0.4 Daemon Server] - 2025-11-21T14:36:39.574Z - Done responding to the client handleGetEstimatedTaskTimings
[NX v22.0.4 Daemon Server] - 2025-11-21T14:36:39.574Z - Handled json message GET_ESTIMATED_TASK_TIMINGS. Handling time: 0. Response time: 1.
[NX v22.0.4 Daemon Server] - 2025-11-21T14:40:36.743Z - Closed a connection. Number of open connections: 1
[NX v22.0.4 Daemon Server] - 2025-11-21T14:40:42.539Z - Established a connection. Number of open connections: 2
[NX v22.0.4 Daemon Server] - 2025-11-21T14:40:42.540Z - Closed a connection. Number of open connections: 1
[NX v22.0.4 Daemon Server] - 2025-11-21T14:40:42.543Z - Established a connection. Number of open connections: 2
[NX v22.0.4 Daemon Server] - 2025-11-21T14:40:42.550Z - Received raw message of length 32
[NX v22.0.4 Daemon Server] - 2025-11-21T14:40:42.550Z - Received json message of type REQUEST_PROJECT_GRAPH
[NX v22.0.4 Daemon Server] - 2025-11-21T14:40:42.550Z - [REQUEST]: Client Request for Project Graph Received
[NX v22.0.4 Daemon Server] - 2025-11-21T14:40:42.551Z - Reusing in-memory cached project graph because no files changed.
[NX v22.0.4 Daemon Server] - 2025-11-21T14:40:42.576Z - Wrote project graph cache to C:\Users\dell\Desktop\Nitheesh\euroasainn-ERP\.nx\workspace-data\project-graph.json
[NX v22.0.4 Daemon Server] - 2025-11-21T14:40:42.576Z - Serializing response for REQUEST_PROJECT_GRAPH message in json mode
[NX v22.0.4 Daemon Server] - 2025-11-21T14:40:42.576Z - Responding to REQUEST_PROJECT_GRAPH message
[NX v22.0.4 Daemon Server] - 2025-11-21T14:40:42.577Z - [REQUEST]: Responding to the client. project-graph
[NX v22.0.4 Daemon Server] - 2025-11-21T14:40:42.579Z - Time taken for 'total for creating and serializing project graph' 25.95579999999609ms
[NX v22.0.4 Daemon Server] - 2025-11-21T14:40:42.579Z - Done responding to the client project-graph
[NX v22.0.4 Daemon Server] - 2025-11-21T14:40:42.579Z - Handled json message REQUEST_PROJECT_GRAPH. Handling time: 26. Response time: 3.
[NX v22.0.4 Daemon Server] - 2025-11-21T14:40:42.596Z - Received raw message of length 1109
[NX v22.0.4 Daemon Server] - 2025-11-21T14:40:42.596Z - Received json message of type PRE_TASKS_EXECUTION
[NX v22.0.4 Daemon Server] - 2025-11-21T14:40:42.596Z - Serializing response for PRE_TASKS_EXECUTION message in json mode
[NX v22.0.4 Daemon Server] - 2025-11-21T14:40:42.597Z - Responding to PRE_TASKS_EXECUTION message
[NX v22.0.4 Daemon Server] - 2025-11-21T14:40:42.597Z - [REQUEST]: Responding to the client. handleRunPreTasksExecution
[NX v22.0.4 Daemon Server] - 2025-11-21T14:40:42.597Z - Time taken for 'preTasksExecution' 0.5299000000231899ms
[NX v22.0.4 Daemon Server] - 2025-11-21T14:40:42.597Z - Done responding to the client handleRunPreTasksExecution
[NX v22.0.4 Daemon Server] - 2025-11-21T14:40:42.597Z - Handled json message PRE_TASKS_EXECUTION. Handling time: 0. Response time: 1.
[NX v22.0.4 Daemon Server] - 2025-11-21T14:40:42.661Z - Received raw message of length 6966
[NX v22.0.4 Daemon Server] - 2025-11-21T14:40:42.661Z - Received json message of type HASH_TASKS
[NX v22.0.4 Daemon Server] - 2025-11-21T14:40:42.662Z - Reusing in-memory cached project graph because no files changed.
[NX v22.0.4 Daemon Server] - 2025-11-21T14:40:42.682Z - Wrote project graph cache to C:\Users\dell\Desktop\Nitheesh\euroasainn-ERP\.nx\workspace-data\project-graph.json
DEBUG nx::native::tasks::hash_planner: get_plans_internal COMPLETED in 7.707ms - processed 1 tasks (setup: 7.4347ms, parallel_planning: 250.9µs)
DEBUG nx::native::tasks::task_hasher: hash_plans COMPLETED in 3.2334ms - processed 1 plans (setup: 377µs, hashing: 2.8519ms, assembly: 779.2µs)
[NX v22.0.4 Daemon Server] - 2025-11-21T14:40:42.695Z - Serializing response for HASH_TASKS message in json mode
[NX v22.0.4 Daemon Server] - 2025-11-21T14:40:42.695Z - Responding to HASH_TASKS message
[NX v22.0.4 Daemon Server] - 2025-11-21T14:40:42.695Z - [REQUEST]: Responding to the client. handleHashTasks
[NX v22.0.4 Daemon Server] - 2025-11-21T14:40:42.695Z - Time taken for 'write cache' 20.42359999998007ms
[NX v22.0.4 Daemon Server] - 2025-11-21T14:40:42.696Z - Done responding to the client handleHashTasks
[NX v22.0.4 Daemon Server] - 2025-11-21T14:40:42.696Z - Handled json message HASH_TASKS. Handling time: 34. Response time: 1.
[NX v22.0.4 Daemon Server] - 2025-11-21T14:40:42.720Z - Received raw message of length 108
[NX v22.0.4 Daemon Server] - 2025-11-21T14:40:42.720Z - Received json message of type GET_ESTIMATED_TASK_TIMINGS
[NX v22.0.4 Daemon Server] - 2025-11-21T14:40:42.721Z - Serializing response for GET_ESTIMATED_TASK_TIMINGS message in json mode
[NX v22.0.4 Daemon Server] - 2025-11-21T14:40:42.721Z - Responding to GET_ESTIMATED_TASK_TIMINGS message
[NX v22.0.4 Daemon Server] - 2025-11-21T14:40:42.721Z - [REQUEST]: Responding to the client. handleGetEstimatedTaskTimings
[NX v22.0.4 Daemon Server] - 2025-11-21T14:40:42.721Z - Done responding to the client handleGetEstimatedTaskTimings
[NX v22.0.4 Daemon Server] - 2025-11-21T14:40:42.721Z - Handled json message GET_ESTIMATED_TASK_TIMINGS. Handling time: 0. Response time: 0.
[NX v22.0.4 Daemon Server] - 2025-11-21T14:43:13.808Z - Closed a connection. Number of open connections: 1
[NX v22.0.4 Daemon Server] - 2025-11-21T14:43:25.973Z - Established a connection. Number of open connections: 2
[NX v22.0.4 Daemon Server] - 2025-11-21T14:43:25.974Z - Closed a connection. Number of open connections: 1
[NX v22.0.4 Daemon Server] - 2025-11-21T14:43:25.978Z - Established a connection. Number of open connections: 2
[NX v22.0.4 Daemon Server] - 2025-11-21T14:43:25.995Z - Received raw message of length 32
[NX v22.0.4 Daemon Server] - 2025-11-21T14:43:25.995Z - Received json message of type REQUEST_PROJECT_GRAPH
[NX v22.0.4 Daemon Server] - 2025-11-21T14:43:25.995Z - [REQUEST]: Client Request for Project Graph Received
[NX v22.0.4 Daemon Server] - 2025-11-21T14:43:25.996Z - Reusing in-memory cached project graph because no files changed.
[NX v22.0.4 Daemon Server] - 2025-11-21T14:43:26.021Z - Wrote project graph cache to C:\Users\dell\Desktop\Nitheesh\euroasainn-ERP\.nx\workspace-data\project-graph.json
[NX v22.0.4 Daemon Server] - 2025-11-21T14:43:26.022Z - Serializing response for REQUEST_PROJECT_GRAPH message in json mode
[NX v22.0.4 Daemon Server] - 2025-11-21T14:43:26.022Z - Responding to REQUEST_PROJECT_GRAPH message
[NX v22.0.4 Daemon Server] - 2025-11-21T14:43:26.022Z - [REQUEST]: Responding to the client. project-graph
[NX v22.0.4 Daemon Server] - 2025-11-21T14:43:26.025Z - Time taken for 'total for creating and serializing project graph' 26.06409999995958ms
[NX v22.0.4 Daemon Server] - 2025-11-21T14:43:26.025Z - Done responding to the client project-graph
[NX v22.0.4 Daemon Server] - 2025-11-21T14:43:26.025Z - Handled json message REQUEST_PROJECT_GRAPH. Handling time: 27. Response time: 3.
[NX v22.0.4 Daemon Server] - 2025-11-21T14:43:26.043Z - Received raw message of length 1107
[NX v22.0.4 Daemon Server] - 2025-11-21T14:43:26.044Z - Received json message of type PRE_TASKS_EXECUTION
[NX v22.0.4 Daemon Server] - 2025-11-21T14:43:26.044Z - Serializing response for PRE_TASKS_EXECUTION message in json mode
[NX v22.0.4 Daemon Server] - 2025-11-21T14:43:26.044Z - Responding to PRE_TASKS_EXECUTION message
[NX v22.0.4 Daemon Server] - 2025-11-21T14:43:26.044Z - [REQUEST]: Responding to the client. handleRunPreTasksExecution
[NX v22.0.4 Daemon Server] - 2025-11-21T14:43:26.045Z - Time taken for 'preTasksExecution' 0.5736000000033528ms
[NX v22.0.4 Daemon Server] - 2025-11-21T14:43:26.045Z - Done responding to the client handleRunPreTasksExecution
[NX v22.0.4 Daemon Server] - 2025-11-21T14:43:26.045Z - Handled json message PRE_TASKS_EXECUTION. Handling time: 0. Response time: 1.
[NX v22.0.4 Daemon Server] - 2025-11-21T14:43:26.106Z - Received raw message of length 6946
[NX v22.0.4 Daemon Server] - 2025-11-21T14:43:26.107Z - Received json message of type HASH_TASKS
[NX v22.0.4 Daemon Server] - 2025-11-21T14:43:26.107Z - Reusing in-memory cached project graph because no files changed.
[NX v22.0.4 Daemon Server] - 2025-11-21T14:43:26.132Z - Wrote project graph cache to C:\Users\dell\Desktop\Nitheesh\euroasainn-ERP\.nx\workspace-data\project-graph.json
DEBUG nx::native::tasks::hash_planner: get_plans_internal COMPLETED in 8.529ms - processed 1 tasks (setup: 8.3023ms, parallel_planning: 205.7µs)
DEBUG nx::native::tasks::task_hasher: hash_plans COMPLETED in 3.6649ms - processed 1 plans (setup: 321.1µs, hashing: 3.3392ms, assembly: 1.0089ms)
[NX v22.0.4 Daemon Server] - 2025-11-21T14:43:26.146Z - Serializing response for HASH_TASKS message in json mode
[NX v22.0.4 Daemon Server] - 2025-11-21T14:43:26.146Z - Responding to HASH_TASKS message
[NX v22.0.4 Daemon Server] - 2025-11-21T14:43:26.146Z - [REQUEST]: Responding to the client. handleHashTasks
[NX v22.0.4 Daemon Server] - 2025-11-21T14:43:26.146Z - Time taken for 'write cache' 24.746099999989383ms
[NX v22.0.4 Daemon Server] - 2025-11-21T14:43:26.147Z - Done responding to the client handleHashTasks
[NX v22.0.4 Daemon Server] - 2025-11-21T14:43:26.147Z - Handled json message HASH_TASKS. Handling time: 39. Response time: 1.
[NX v22.0.4 Daemon Server] - 2025-11-21T14:43:26.173Z - Received raw message of length 106
[NX v22.0.4 Daemon Server] - 2025-11-21T14:43:26.173Z - Received json message of type GET_ESTIMATED_TASK_TIMINGS
[NX v22.0.4 Daemon Server] - 2025-11-21T14:43:26.173Z - Serializing response for GET_ESTIMATED_TASK_TIMINGS message in json mode
[NX v22.0.4 Daemon Server] - 2025-11-21T14:43:26.174Z - Responding to GET_ESTIMATED_TASK_TIMINGS message
[NX v22.0.4 Daemon Server] - 2025-11-21T14:43:26.174Z - [REQUEST]: Responding to the client. handleGetEstimatedTaskTimings
[NX v22.0.4 Daemon Server] - 2025-11-21T14:43:26.174Z - Done responding to the client handleGetEstimatedTaskTimings
[NX v22.0.4 Daemon Server] - 2025-11-21T14:43:26.174Z - Handled json message GET_ESTIMATED_TASK_TIMINGS. Handling time: 0. Response time: 1.
[NX v22.0.4 Daemon Server] - 2025-11-21T14:50:13.209Z - [WATCHER]: 0 file(s) created or restored, 2 file(s) modified, 0 file(s) deleted
[NX v22.0.4 Daemon Server] - 2025-11-21T14:50:13.212Z - [WATCHER]: Processing file changes in outputs
[NX v22.0.4 Daemon Server] - 2025-11-21T14:50:13.332Z - [REQUEST]: Updated workspace context based on watched changes, recomputing project graph...
[NX v22.0.4 Daemon Server] - 2025-11-21T14:50:13.332Z - [REQUEST]: apps/api/logs/combined.log,apps/api/logs/error.log
[NX v22.0.4 Daemon Server] - 2025-11-21T14:50:13.332Z - [REQUEST]: 
Time for 'daemon-message-serialization-HASH_MULTI_GLOB' 0.0656999999191612
Time for 'nx/core/project-json:createNodes' 0.25249999994412065
Time for 'nx/core/package-json:createNodes' 1.4689999998081475
[NX v22.0.4 Daemon Server] - 2025-11-21T14:50:13.363Z - Received raw message of length 285
[NX v22.0.4 Daemon Server] - 2025-11-21T14:50:13.363Z - Received json message of type HASH_MULTI_GLOB
[NX v22.0.4 Daemon Server] - 2025-11-21T14:50:13.367Z - Serializing response for HASH_GLOB message in json mode
[NX v22.0.4 Daemon Server] - 2025-11-21T14:50:13.367Z - Responding to HASH_GLOB message
[NX v22.0.4 Daemon Server] - 2025-11-21T14:50:13.367Z - [REQUEST]: Responding to the client. handleHashMultiGlob
[NX v22.0.4 Daemon Server] - 2025-11-21T14:50:13.368Z - Time taken for 'hash changed files from watcher' 5.415800000075251ms
[NX v22.0.4 Daemon Server] - 2025-11-21T14:50:13.368Z - Done responding to the client handleHashMultiGlob
[NX v22.0.4 Daemon Server] - 2025-11-21T14:50:13.368Z - Handled json message HASH_GLOB. Handling time: 4. Response time: 1.
Time for 'HASH_MULTI_GLOB round trip' 13.051399999996647
Time for 'deserialize daemon response - HASH_MULTI_GLOB' 0.029799999902024865
Time for 'nx/js/dependencies-and-lockfile:createNodes' 40.506000000052154
Time for '@nx/vite/plugin:createNodes' 115.06140000000596
[NX v22.0.4 Daemon Server] - 2025-11-21T14:50:13.571Z - Time taken for 'build-project-configs' 146.91549999988638ms
[NX v22.0.4 Daemon Server] - 2025-11-21T14:50:13.578Z - Time taken for '@nx/vite/plugin:createDependencies' 40.75649999990128ms
[NX v22.0.4 Daemon Server] - 2025-11-21T14:50:13.579Z - Closed a connection. Number of open connections: 1
Time for 'build typescript dependencies' 24.60040000011213
[NX v22.0.4 Daemon Server] - 2025-11-21T14:50:13.717Z - [SYNC]: collect registered sync generators
[NX v22.0.4 Daemon Server] - 2025-11-21T14:50:13.719Z - [SYNC]: project graph hash is the same, not collecting task sync generators
[NX v22.0.4 Daemon Server] - 2025-11-21T14:50:13.719Z - [SYNC]: nx.json hash is the same, not collecting global sync generators
[NX v22.0.4 Daemon Server] - 2025-11-21T14:50:13.719Z - Time taken for 'total execution time for createProjectGraph()' 208.7776999999769ms
